  Buff.cpp
d:\efrei\s6\c++\projet\projet_cpp\the_last_stand\the_last_stand\character.h(19): error C2065: 'characteristics' : identificateur non déclaré
d:\efrei\s6\c++\projet\projet_cpp\the_last_stand\the_last_stand\character.h(19): error C2923: 'std::map' : 'characteristics' n'est pas un argument de type modèle valide pour le paramètre '_Ty'
d:\visual_studio2017\vc\tools\msvc\14.13.26128\include\map(78): error C3203: 'pair' : la classe modèle non spécialisée ne peut pas être utilisée comme argument modèle pour le paramètre modèle '_Ty' ; type réel attendu
d:\efrei\s6\c++\projet\projet_cpp\the_last_stand\the_last_stand\character.h(44): error C2061: erreur de syntaxe : identificateur 'Buff'
d:\efrei\s6\c++\projet\projet_cpp\the_last_stand\the_last_stand\buff.cpp(39): error C2678: '[' binaire : aucun opérateur trouvé qui accepte un opérande de partie gauche de type 'std::map' (ou il n'existe pas de conversion acceptable)
  d:\visual_studio2017\vc\tools\msvc\14.13.26128\include\map(360): note: est peut-être '_Ty &std::map<_Kty,_Ty,_Pr,_Alloc>::operator [](const _Kty &)'
  d:\visual_studio2017\vc\tools\msvc\14.13.26128\include\map(196): note: ou       '_Ty &std::map<_Kty,_Ty,_Pr,_Alloc>::operator [](_Kty &&)'
  d:\efrei\s6\c++\projet\projet_cpp\the_last_stand\the_last_stand\buff.cpp(39): note: lors de la tentative de mise en correspondance de la liste des arguments '(std::map, std::string)'
  cell.cpp
d:\efrei\s6\c++\projet\projet_cpp\the_last_stand\the_last_stand\buff.h(17): error C2061: erreur de syntaxe : identificateur 'character'
d:\efrei\s6\c++\projet\projet_cpp\the_last_stand\the_last_stand\character.h(19): error C2065: 'characteristics' : identificateur non déclaré
d:\efrei\s6\c++\projet\projet_cpp\the_last_stand\the_last_stand\character.h(19): error C2923: 'std::map' : 'characteristics' n'est pas un argument de type modèle valide pour le paramètre '_Ty'
d:\visual_studio2017\vc\tools\msvc\14.13.26128\include\map(78): error C3203: 'pair' : la classe modèle non spécialisée ne peut pas être utilisée comme argument modèle pour le paramètre modèle '_Ty' ; type réel attendu
d:\efrei\s6\c++\projet\projet_cpp\the_last_stand\the_last_stand\character.h(21): error C2065: 'Strength' : identificateur non déclaré
d:\efrei\s6\c++\projet\projet_cpp\the_last_stand\the_last_stand\character.h(22): error C2065: 'Speed' : identificateur non déclaré
d:\efrei\s6\c++\projet\projet_cpp\the_last_stand\the_last_stand\character.h(23): error C2065: 'Defense' : identificateur non déclaré
d:\efrei\s6\c++\projet\projet_cpp\the_last_stand\the_last_stand\character.h(24): error C2065: 'Resistance' : identificateur non déclaré
d:\efrei\s6\c++\projet\projet_cpp\the_last_stand\the_last_stand\character.h(25): error C2065: 'Range' : identificateur non déclaré
d:\efrei\s6\c++\projet\projet_cpp\the_last_stand\the_last_stand\character.h(26): error C2065: 'Movement' : identificateur non déclaré
d:\efrei\s6\c++\projet\projet_cpp\the_last_stand\the_last_stand\character.h(27): error C2065: 'Hp' : identificateur non déclaré
d:\efrei\s6\c++\projet\projet_cpp\the_last_stand\the_last_stand\character.h(28): fatal error C1903: impossible de récupérer à partir des erreurs précédentes ; arrêt de la compilation
  enemy.cpp
d:\efrei\s6\c++\projet\projet_cpp\the_last_stand\the_last_stand\buff.h(17): error C2061: erreur de syntaxe : identificateur 'character'
d:\efrei\s6\c++\projet\projet_cpp\the_last_stand\the_last_stand\character.h(19): error C2065: 'characteristics' : identificateur non déclaré
d:\efrei\s6\c++\projet\projet_cpp\the_last_stand\the_last_stand\character.h(19): error C2923: 'std::map' : 'characteristics' n'est pas un argument de type modèle valide pour le paramètre '_Ty'
d:\visual_studio2017\vc\tools\msvc\14.13.26128\include\map(78): error C3203: 'pair' : la classe modèle non spécialisée ne peut pas être utilisée comme argument modèle pour le paramètre modèle '_Ty' ; type réel attendu
d:\efrei\s6\c++\projet\projet_cpp\the_last_stand\the_last_stand\character.h(21): error C2065: 'Strength' : identificateur non déclaré
d:\efrei\s6\c++\projet\projet_cpp\the_last_stand\the_last_stand\character.h(22): error C2065: 'Speed' : identificateur non déclaré
d:\efrei\s6\c++\projet\projet_cpp\the_last_stand\the_last_stand\character.h(23): error C2065: 'Defense' : identificateur non déclaré
d:\efrei\s6\c++\projet\projet_cpp\the_last_stand\the_last_stand\character.h(24): error C2065: 'Resistance' : identificateur non déclaré
d:\efrei\s6\c++\projet\projet_cpp\the_last_stand\the_last_stand\character.h(25): error C2065: 'Range' : identificateur non déclaré
d:\efrei\s6\c++\projet\projet_cpp\the_last_stand\the_last_stand\character.h(26): error C2065: 'Movement' : identificateur non déclaré
d:\efrei\s6\c++\projet\projet_cpp\the_last_stand\the_last_stand\character.h(27): error C2065: 'Hp' : identificateur non déclaré
d:\efrei\s6\c++\projet\projet_cpp\the_last_stand\the_last_stand\character.h(28): fatal error C1903: impossible de récupérer à partir des erreurs précédentes ; arrêt de la compilation
  gameView.cpp
d:\efrei\s6\c++\projet\projet_cpp\the_last_stand\the_last_stand\buff.h(17): error C2061: erreur de syntaxe : identificateur 'character'
d:\efrei\s6\c++\projet\projet_cpp\the_last_stand\the_last_stand\character.h(19): error C2065: 'characteristics' : identificateur non déclaré
d:\efrei\s6\c++\projet\projet_cpp\the_last_stand\the_last_stand\character.h(19): error C2923: 'std::map' : 'characteristics' n'est pas un argument de type modèle valide pour le paramètre '_Ty'
d:\visual_studio2017\vc\tools\msvc\14.13.26128\include\map(78): error C3203: 'pair' : la classe modèle non spécialisée ne peut pas être utilisée comme argument modèle pour le paramètre modèle '_Ty' ; type réel attendu
d:\efrei\s6\c++\projet\projet_cpp\the_last_stand\the_last_stand\character.h(21): error C2065: 'Strength' : identificateur non déclaré
d:\efrei\s6\c++\projet\projet_cpp\the_last_stand\the_last_stand\character.h(22): error C2065: 'Speed' : identificateur non déclaré
d:\efrei\s6\c++\projet\projet_cpp\the_last_stand\the_last_stand\character.h(23): error C2065: 'Defense' : identificateur non déclaré
d:\efrei\s6\c++\projet\projet_cpp\the_last_stand\the_last_stand\character.h(24): error C2065: 'Resistance' : identificateur non déclaré
d:\efrei\s6\c++\projet\projet_cpp\the_last_stand\the_last_stand\character.h(25): error C2065: 'Range' : identificateur non déclaré
d:\efrei\s6\c++\projet\projet_cpp\the_last_stand\the_last_stand\character.h(26): error C2065: 'Movement' : identificateur non déclaré
d:\efrei\s6\c++\projet\projet_cpp\the_last_stand\the_last_stand\character.h(27): error C2065: 'Hp' : identificateur non déclaré
d:\efrei\s6\c++\projet\projet_cpp\the_last_stand\the_last_stand\character.h(28): fatal error C1903: impossible de récupérer à partir des erreurs précédentes ; arrêt de la compilation
  grid.cpp
d:\efrei\s6\c++\projet\projet_cpp\the_last_stand\the_last_stand\buff.h(17): error C2061: erreur de syntaxe : identificateur 'character'
d:\efrei\s6\c++\projet\projet_cpp\the_last_stand\the_last_stand\character.h(19): error C2065: 'characteristics' : identificateur non déclaré
d:\efrei\s6\c++\projet\projet_cpp\the_last_stand\the_last_stand\character.h(19): error C2923: 'std::map' : 'characteristics' n'est pas un argument de type modèle valide pour le paramètre '_Ty'
d:\visual_studio2017\vc\tools\msvc\14.13.26128\include\map(78): error C3203: 'pair' : la classe modèle non spécialisée ne peut pas être utilisée comme argument modèle pour le paramètre modèle '_Ty' ; type réel attendu
d:\efrei\s6\c++\projet\projet_cpp\the_last_stand\the_last_stand\character.h(21): error C2065: 'Strength' : identificateur non déclaré
d:\efrei\s6\c++\projet\projet_cpp\the_last_stand\the_last_stand\character.h(22): error C2065: 'Speed' : identificateur non déclaré
d:\efrei\s6\c++\projet\projet_cpp\the_last_stand\the_last_stand\character.h(23): error C2065: 'Defense' : identificateur non déclaré
d:\efrei\s6\c++\projet\projet_cpp\the_last_stand\the_last_stand\character.h(24): error C2065: 'Resistance' : identificateur non déclaré
d:\efrei\s6\c++\projet\projet_cpp\the_last_stand\the_last_stand\character.h(25): error C2065: 'Range' : identificateur non déclaré
d:\efrei\s6\c++\projet\projet_cpp\the_last_stand\the_last_stand\character.h(26): error C2065: 'Movement' : identificateur non déclaré
d:\efrei\s6\c++\projet\projet_cpp\the_last_stand\the_last_stand\character.h(27): error C2065: 'Hp' : identificateur non déclaré
d:\efrei\s6\c++\projet\projet_cpp\the_last_stand\the_last_stand\character.h(28): fatal error C1903: impossible de récupérer à partir des erreurs précédentes ; arrêt de la compilation
  character.cpp
d:\efrei\s6\c++\projet\projet_cpp\the_last_stand\the_last_stand\buff.h(17): error C2061: erreur de syntaxe : identificateur 'character'
d:\efrei\s6\c++\projet\projet_cpp\the_last_stand\the_last_stand\character.h(19): error C2065: 'characteristics' : identificateur non déclaré
d:\efrei\s6\c++\projet\projet_cpp\the_last_stand\the_last_stand\character.h(19): error C2923: 'std::map' : 'characteristics' n'est pas un argument de type modèle valide pour le paramètre '_Ty'
d:\visual_studio2017\vc\tools\msvc\14.13.26128\include\map(78): error C3203: 'pair' : la classe modèle non spécialisée ne peut pas être utilisée comme argument modèle pour le paramètre modèle '_Ty' ; type réel attendu
d:\efrei\s6\c++\projet\projet_cpp\the_last_stand\the_last_stand\character.h(21): error C2065: 'Strength' : identificateur non déclaré
d:\efrei\s6\c++\projet\projet_cpp\the_last_stand\the_last_stand\character.h(22): error C2065: 'Speed' : identificateur non déclaré
d:\efrei\s6\c++\projet\projet_cpp\the_last_stand\the_last_stand\character.h(23): error C2065: 'Defense' : identificateur non déclaré
d:\efrei\s6\c++\projet\projet_cpp\the_last_stand\the_last_stand\character.h(24): error C2065: 'Resistance' : identificateur non déclaré
d:\efrei\s6\c++\projet\projet_cpp\the_last_stand\the_last_stand\character.h(25): error C2065: 'Range' : identificateur non déclaré
d:\efrei\s6\c++\projet\projet_cpp\the_last_stand\the_last_stand\character.h(26): error C2065: 'Movement' : identificateur non déclaré
d:\efrei\s6\c++\projet\projet_cpp\the_last_stand\the_last_stand\character.h(27): error C2065: 'Hp' : identificateur non déclaré
d:\efrei\s6\c++\projet\projet_cpp\the_last_stand\the_last_stand\character.h(28): fatal error C1903: impossible de récupérer à partir des erreurs précédentes ; arrêt de la compilation
  main.cpp
d:\efrei\s6\c++\projet\projet_cpp\the_last_stand\the_last_stand\buff.h(17): error C2061: erreur de syntaxe : identificateur 'character'
d:\efrei\s6\c++\projet\projet_cpp\the_last_stand\the_last_stand\character.h(19): error C2065: 'characteristics' : identificateur non déclaré
d:\efrei\s6\c++\projet\projet_cpp\the_last_stand\the_last_stand\character.h(19): error C2923: 'std::map' : 'characteristics' n'est pas un argument de type modèle valide pour le paramètre '_Ty'
d:\visual_studio2017\vc\tools\msvc\14.13.26128\include\map(78): error C3203: 'pair' : la classe modèle non spécialisée ne peut pas être utilisée comme argument modèle pour le paramètre modèle '_Ty' ; type réel attendu
d:\efrei\s6\c++\projet\projet_cpp\the_last_stand\the_last_stand\character.h(21): error C2065: 'Strength' : identificateur non déclaré
d:\efrei\s6\c++\projet\projet_cpp\the_last_stand\the_last_stand\character.h(22): error C2065: 'Speed' : identificateur non déclaré
d:\efrei\s6\c++\projet\projet_cpp\the_last_stand\the_last_stand\character.h(23): error C2065: 'Defense' : identificateur non déclaré
d:\efrei\s6\c++\projet\projet_cpp\the_last_stand\the_last_stand\character.h(24): error C2065: 'Resistance' : identificateur non déclaré
d:\efrei\s6\c++\projet\projet_cpp\the_last_stand\the_last_stand\character.h(25): error C2065: 'Range' : identificateur non déclaré
d:\efrei\s6\c++\projet\projet_cpp\the_last_stand\the_last_stand\character.h(26): error C2065: 'Movement' : identificateur non déclaré
d:\efrei\s6\c++\projet\projet_cpp\the_last_stand\the_last_stand\character.h(27): error C2065: 'Hp' : identificateur non déclaré
d:\efrei\s6\c++\projet\projet_cpp\the_last_stand\the_last_stand\character.h(28): fatal error C1903: impossible de récupérer à partir des erreurs précédentes ; arrêt de la compilation
  playable_character.cpp
d:\efrei\s6\c++\projet\projet_cpp\the_last_stand\the_last_stand\buff.h(17): error C2061: erreur de syntaxe : identificateur 'character'
d:\efrei\s6\c++\projet\projet_cpp\the_last_stand\the_last_stand\character.h(19): error C2065: 'characteristics' : identificateur non déclaré
d:\efrei\s6\c++\projet\projet_cpp\the_last_stand\the_last_stand\character.h(19): error C2923: 'std::map' : 'characteristics' n'est pas un argument de type modèle valide pour le paramètre '_Ty'
d:\visual_studio2017\vc\tools\msvc\14.13.26128\include\map(78): error C3203: 'pair' : la classe modèle non spécialisée ne peut pas être utilisée comme argument modèle pour le paramètre modèle '_Ty' ; type réel attendu
d:\efrei\s6\c++\projet\projet_cpp\the_last_stand\the_last_stand\character.h(21): error C2065: 'Strength' : identificateur non déclaré
d:\efrei\s6\c++\projet\projet_cpp\the_last_stand\the_last_stand\character.h(22): error C2065: 'Speed' : identificateur non déclaré
d:\efrei\s6\c++\projet\projet_cpp\the_last_stand\the_last_stand\character.h(23): error C2065: 'Defense' : identificateur non déclaré
d:\efrei\s6\c++\projet\projet_cpp\the_last_stand\the_last_stand\character.h(24): error C2065: 'Resistance' : identificateur non déclaré
d:\efrei\s6\c++\projet\projet_cpp\the_last_stand\the_last_stand\character.h(25): error C2065: 'Range' : identificateur non déclaré
d:\efrei\s6\c++\projet\projet_cpp\the_last_stand\the_last_stand\character.h(26): error C2065: 'Movement' : identificateur non déclaré
d:\efrei\s6\c++\projet\projet_cpp\the_last_stand\the_last_stand\character.h(27): error C2065: 'Hp' : identificateur non déclaré
d:\efrei\s6\c++\projet\projet_cpp\the_last_stand\the_last_stand\character.h(28): fatal error C1903: impossible de récupérer à partir des erreurs précédentes ; arrêt de la compilation
  Spells.cpp
d:\efrei\s6\c++\projet\projet_cpp\the_last_stand\the_last_stand\buff.h(17): error C2061: erreur de syntaxe : identificateur 'character'
d:\efrei\s6\c++\projet\projet_cpp\the_last_stand\the_last_stand\character.h(19): error C2065: 'characteristics' : identificateur non déclaré
d:\efrei\s6\c++\projet\projet_cpp\the_last_stand\the_last_stand\character.h(19): error C2923: 'std::map' : 'characteristics' n'est pas un argument de type modèle valide pour le paramètre '_Ty'
d:\visual_studio2017\vc\tools\msvc\14.13.26128\include\map(78): error C3203: 'pair' : la classe modèle non spécialisée ne peut pas être utilisée comme argument modèle pour le paramètre modèle '_Ty' ; type réel attendu
d:\efrei\s6\c++\projet\projet_cpp\the_last_stand\the_last_stand\character.h(21): error C2065: 'Strength' : identificateur non déclaré
d:\efrei\s6\c++\projet\projet_cpp\the_last_stand\the_last_stand\character.h(22): error C2065: 'Speed' : identificateur non déclaré
d:\efrei\s6\c++\projet\projet_cpp\the_last_stand\the_last_stand\character.h(23): error C2065: 'Defense' : identificateur non déclaré
d:\efrei\s6\c++\projet\projet_cpp\the_last_stand\the_last_stand\character.h(24): error C2065: 'Resistance' : identificateur non déclaré
d:\efrei\s6\c++\projet\projet_cpp\the_last_stand\the_last_stand\character.h(25): error C2065: 'Range' : identificateur non déclaré
d:\efrei\s6\c++\projet\projet_cpp\the_last_stand\the_last_stand\character.h(26): error C2065: 'Movement' : identificateur non déclaré
d:\efrei\s6\c++\projet\projet_cpp\the_last_stand\the_last_stand\character.h(27): error C2065: 'Hp' : identificateur non déclaré
d:\efrei\s6\c++\projet\projet_cpp\the_last_stand\the_last_stand\character.h(28): fatal error C1903: impossible de récupérer à partir des erreurs précédentes ; arrêt de la compilation
  Génération de code en cours...
